2022-11-09 22:05:22,915	INFO	预约成功
2024-02-12 22:12:46,501	INFO	存在黑名单用户，不可执行预约操作
2024-02-12 22:12:46,501	ERROR	An error occurred: 存在黑名单用户，不可执行预约操作
2024-02-13 22:15:21,073	INFO	预约成功
2024-02-14 22:13:13,470	INFO	预约成功
2024-02-15 22:13:20,058	INFO	预约成功<br/>您已违约1次,详情请登录web端或联系管理员
2024-02-16 22:13:11,887	INFO	预约成功<br/>您已违约2次,详情请登录web端或联系管理员
2024-02-17 22:14:19,159	INFO	存在黑名单用户，不可执行预约操作
2024-02-17 22:14:19,159	ERROR	An error occurred: 存在黑名单用户，不可执行预约操作
2024-02-18 22:14:27,598	INFO	存在黑名单用户，不可执行预约操作
2024-02-18 22:14:27,599	ERROR	An error occurred: 存在黑名单用户，不可执行预约操作
2024-02-19 22:13:53,757	INFO	存在黑名单用户，不可执行预约操作
2024-02-19 22:13:53,757	ERROR	An error occurred: 存在黑名单用户，不可执行预约操作
2024-02-20 22:13:07,099	INFO	预约成功
2024-02-21 22:12:51,828	INFO	当前用户在该时段已存在预约，不可重复预约
2024-02-21 22:12:51,828	ERROR	An error occurred: 当前用户在该时段已存在预约，不可重复预约
2024-02-22 22:13:06,382	INFO	当前用户在该时段已存在预约，不可重复预约
2024-02-22 22:13:06,382	ERROR	An error occurred: 当前用户在该时段已存在预约，不可重复预约
2024-02-23 22:12:44,492	INFO	当前用户在该时段已存在预约，不可重复预约
2024-02-23 22:12:44,492	ERROR	An error occurred: 当前用户在该时段已存在预约，不可重复预约
2024-02-24 22:13:05,445	INFO	存在黑名单用户，不可执行预约操作
2024-02-24 22:13:05,445	ERROR	An error occurred: 存在黑名单用户，不可执行预约操作
2024-02-25 22:13:24,061	INFO	存在黑名单用户，不可执行预约操作
2024-02-25 22:13:24,061	ERROR	An error occurred: 存在黑名单用户，不可执行预约操作
2024-02-26 22:14:19,767	INFO	存在黑名单用户，不可执行预约操作
2024-02-26 22:14:19,767	ERROR	An error occurred: 存在黑名单用户，不可执行预约操作
2024-02-27 22:14:43,160	INFO	当前用户在该时段已存在预约，不可重复预约
2024-02-27 22:14:43,160	ERROR	An error occurred: 当前用户在该时段已存在预约，不可重复预约
2024-02-28 22:12:44,826	INFO	当前用户在该时段已存在预约，不可重复预约
2024-02-28 22:12:44,826	ERROR	An error occurred: 当前用户在该时段已存在预约，不可重复预约
2024-02-29 22:12:39,003	INFO	当前用户在该时段已存在预约，不可重复预约
2024-02-29 22:12:39,003	ERROR	An error occurred: 当前用户在该时段已存在预约，不可重复预约
2024-03-01 22:12:59,895	INFO	当前用户在该时段已存在预约，不可重复预约
2024-03-01 22:12:59,895	ERROR	An error occurred: 当前用户在该时段已存在预约，不可重复预约
2024-03-02 22:13:12,248	INFO	存在黑名单用户，不可执行预约操作
2024-03-02 22:13:12,248	ERROR	An error occurred: 存在黑名单用户，不可执行预约操作
2024-03-03 22:12:13,675	INFO	存在黑名单用户，不可执行预约操作
2024-03-03 22:12:13,675	ERROR	An error occurred: 存在黑名单用户，不可执行预约操作
2024-03-04 22:12:42,275	INFO	存在黑名单用户，不可执行预约操作
2024-03-04 22:12:42,276	ERROR	An error occurred: 存在黑名单用户，不可执行预约操作
2024-03-05 22:12:59,430	INFO	当前用户在该时段已存在预约，不可重复预约
2024-03-05 22:12:59,430	ERROR	An error occurred: 当前用户在该时段已存在预约，不可重复预约
2024-03-06 22:14:00,591	INFO	当前用户在该时段已存在预约，不可重复预约
2024-03-06 22:14:00,591	ERROR	An error occurred: 当前用户在该时段已存在预约，不可重复预约
2024-03-07 22:13:10,850	INFO	当前用户在该时段已存在预约，不可重复预约
2024-03-07 22:13:10,850	ERROR	An error occurred: 当前用户在该时段已存在预约，不可重复预约
2024-03-08 22:14:57,581	INFO	当前用户在该时段已存在预约，不可重复预约
2024-03-08 22:14:57,581	ERROR	An error occurred: 当前用户在该时段已存在预约，不可重复预约
2024-03-09 22:13:58,997	INFO	存在黑名单用户，不可执行预约操作
2024-03-09 22:13:58,997	ERROR	An error occurred: 存在黑名单用户，不可执行预约操作
2024-03-10 22:14:07,697	INFO	存在黑名单用户，不可执行预约操作
2024-03-10 22:14:07,697	ERROR	An error occurred: 存在黑名单用户，不可执行预约操作
2025-03-14 22:22:36,046	INFO	该空间当前状态不可预约
2025-03-14 22:22:36,046	ERROR	An error occurred: 该空间当前状态不可预约
